[07:16:10] [INIT] KubeJS 2001.6.5-build.16; MC 2001 forge
[07:16:10] [INIT] Loaded plugins:
[07:16:10] [INIT] - dev.latvian.mods.kubejs.forge.BuiltinKubeJSForgePlugin
[07:16:10] [INIT] - net.threetag.palladium.compat.kubejs.PalladiumKubeJSPlugin
[07:16:12] [INFO] example.js#5: Hello, World! (Loaded server scripts)
[07:16:12] [INFO] Loaded script server_scripts:example.js in 0.001 s
[07:16:12] [INFO] Loaded script addonpack_satsu_iron_man_addon:kubejs_scripts/ia/properties.js in 0.0 s
[07:16:12] [INFO] Loaded script addonpack_satsu_iron_man_addon:kubejs_scripts/string_property_variable_test.js in 0.001 s
[07:16:12] [INFO] Loaded script addonpack_grave.core:kubejs_scripts/receive_power_selected.js in 0.0 s
[07:16:12] [INFO] Loaded script addonpack_grave.core:kubejs_scripts/key.js in 0.0 s
[07:16:12] [INFO] Loaded script addonpack_grave.core:kubejs_scripts/camera.js in 0.0 s
[07:16:12] [INFO] Loaded script addonpack_grave.core:kubejs_scripts/death_no_armour.js in 0.001 s
[07:16:12] [INFO] Loaded 7/7 KubeJS server scripts in 0.027 s with 0 errors and 0 warnings
[07:16:12] [INFO] Scripts loaded
[07:16:17] [INFO] [minecraft:block] Found 753 tags, added 1 objects, removed 0 objects
[07:16:17] [INFO] [minecraft:item] Found 2100 tags, added 1 objects, removed 0 objects
[07:16:37] [INFO] Server resource reload complete!
[07:28:05] [ERROR] ! addonpack_grave.core:kubejs_scripts/death_no_armour.js#7: Error in 'EntityEvents.death': TypeError: Cannot call method "getGameProfile" of null
[07:29:24] [ERROR] ! addonpack_grave.core:kubejs_scripts/death_no_armour.js#7: Error in 'EntityEvents.death': TypeError: Cannot call method "getGameProfile" of null
[07:36:05] [ERROR] ! addonpack_grave.core:kubejs_scripts/death_no_armour.js#7: Error in 'EntityEvents.death': TypeError: Cannot call method "getGameProfile" of null
[07:36:13] [ERROR] ! addonpack_grave.core:kubejs_scripts/death_no_armour.js#7: Error in 'EntityEvents.death': TypeError: Cannot call method "getGameProfile" of null
[07:36:18] [ERROR] ! addonpack_grave.core:kubejs_scripts/death_no_armour.js#7: Error in 'EntityEvents.death': TypeError: Cannot call method "getGameProfile" of null
[07:36:18] [ERROR] ! addonpack_grave.core:kubejs_scripts/death_no_armour.js#7: Error in 'EntityEvents.death': TypeError: Cannot call method "getGameProfile" of null
[07:36:42] [ERROR] ! addonpack_grave.core:kubejs_scripts/death_no_armour.js#7: Error in 'EntityEvents.death': TypeError: Cannot call method "getGameProfile" of null
